<?xml version="1.0" encoding="UTF-8"?>
<testng-results ignored="0" total="2" passed="2" failed="0" skipped="0">
  <reporter-output>
  </reporter-output>
  <suite started-at="2026-06-19T14:36:23 IST" name="Suite" finished-at="2026-06-19T14:36:53 IST" duration-ms="29501">
    <groups>
    </groups>
    <test started-at="2026-06-19T14:36:23 IST" name="Test" finished-at="2026-06-19T14:36:53 IST" duration-ms="29501">
      <class name="tests.AmazonSearchTest">
        <test-method is-config="true" signature="setUp()[pri:0, instance:tests.AmazonSearchTest@1cbbffcd]" started-at="2026-06-19T14:36:23 IST" name="setUp" finished-at="2026-06-19T14:36:36 IST" duration-ms="12559" status="PASS">
          <reporter-output>
          </reporter-output>
        </test-method> <!-- setUp -->
        <test-method signature="testOpenProductFromResults()[pri:0, instance:tests.AmazonSearchTest@1cbbffcd]" started-at="2026-06-19T14:36:36 IST" name="testOpenProductFromResults" description="Verify opening a product from search results" finished-at="2026-06-19T14:36:43 IST" duration-ms="7858" status="PASS">
          <reporter-output>
          </reporter-output>
        </test-method> <!-- testOpenProductFromResults -->
        <test-method is-config="true" signature="tearDown()[pri:0, instance:tests.AmazonSearchTest@1cbbffcd]" started-at="2026-06-19T14:36:44 IST" name="tearDown" finished-at="2026-06-19T14:36:44 IST" duration-ms="883" status="PASS">
          <reporter-output>
          </reporter-output>
        </test-method> <!-- tearDown -->
        <test-method is-config="true" signature="setUp()[pri:0, instance:tests.AmazonSearchTest@1cbbffcd]" started-at="2026-06-19T14:36:44 IST" name="setUp" finished-at="2026-06-19T14:36:46 IST" duration-ms="1582" status="PASS">
          <reporter-output>
          </reporter-output>
        </test-method> <!-- setUp -->
        <test-method signature="testSearchProduct()[pri:0, instance:tests.AmazonSearchTest@1cbbffcd]" started-at="2026-06-19T14:36:46 IST" name="testSearchProduct" description="Verify search returns relevant results" finished-at="2026-06-19T14:36:52 IST" duration-ms="5852" status="PASS">
          <reporter-output>
          </reporter-output>
        </test-method> <!-- testSearchProduct -->
        <test-method is-config="true" signature="tearDown()[pri:0, instance:tests.AmazonSearchTest@1cbbffcd]" started-at="2026-06-19T14:36:52 IST" name="tearDown" finished-at="2026-06-19T14:36:53 IST" duration-ms="679" status="PASS">
          <reporter-output>
          </reporter-output>
        </test-method> <!-- tearDown -->
      </class> <!-- tests.AmazonSearchTest -->
    </test> <!-- Test -->
  </suite> <!-- Suite -->
</testng-results>
